<?xml version="1.0" encoding="UTF-8"?>
<!-- Generated by org.testng.reporters.JUnitReportReporter -->
<testsuite hostname="Ross" failures="0" tests="1" name="webTesting.ElementVerification" time="24.102" errors="0" timestamp="2023-04-20T13:54:37 IST" skipped="0">
  <testcase classname="webTesting.ElementVerification" name="verifyelement" time="24.102"/>
  <system-out/>
</testsuite> <!-- webTesting.ElementVerification -->
